# JRE version: OpenJDK Runtime Environment (11.0.11+9) (build 11.0.11+9-b60-7590822)
# Java VM: OpenJDK 64-Bit Server VM (11.0.11+9-b60-7590822, mixed mode, tiered, compressed oops, g1 gc, windows-amd64)
Heap:
 garbage-first heap   total 260096K, used 73593K [0x0000000080000000, 0x0000000100000000)
  region size 1024K, 29 young (29696K), 11 survivors (11264K)
 Metaspace       used 69294K, capacity 70754K, committed 70860K, reserved 1110016K
  class space    used 8997K, capacity 9579K, committed 9676K, reserved 1048576K
GC Heap History (16 events):
Event: 0.561 GC heap before
{Heap before GC invocations=0 (full 0):
 garbage-first heap   total 260096K, used 29696K [0x0000000080000000, 0x0000000100000000)
  region size 1024K, 24 young (24576K), 0 survivors (0K)
 Metaspace       used 9876K, capacity 10114K, committed 10368K, reserved 1058816K
  class space    used 1029K, capacity 1102K, committed 1152K, reserved 1048576K
}
Event: 0.564 GC heap after
{Heap after GC invocations=1 (full 0):
 garbage-first heap   total 260096K, used 9032K [0x0000000080000000, 0x0000000100000000)
  region size 1024K, 3 young (3072K), 3 survivors (3072K)
 Metaspace       used 9876K, capacity 10114K, committed 10368K, reserved 1058816K
  class space    used 1029K, capacity 1102K, committed 1152K, reserved 1048576K
}
Event: 1.990 GC heap before
{Heap before GC invocations=1 (full 0):
 garbage-first heap   total 260096K, used 108360K [0x0000000080000000, 0x0000000100000000)
  region size 1024K, 101 young (103424K), 3 survivors (3072K)
 Metaspace       used 20680K, capacity 21069K, committed 21248K, reserved 1067008K
  class space    used 2534K, capacity 2691K, committed 2816K, reserved 1048576K
}
Event: 1.998 GC heap after
{Heap after GC invocations=2 (full 0):
 garbage-first heap   total 260096K, used 16795K [0x0000000080000000, 0x0000000100000000)
  region size 1024K, 11 young (11264K), 11 survivors (11264K)
 Metaspace       used 20680K, capacity 21069K, committed 21248K, reserved 1067008K
  class space    used 2534K, capacity 2691K, committed 2816K, reserved 1048576K
}
Event: 2.189 GC heap before
{Heap before GC invocations=3 (full 0):
 garbage-first heap   total 260096K, used 43419K [0x0000000080000000, 0x0000000100000000)
  region size 1024K, 37 young (37888K), 11 survivors (11264K)
 Metaspace       used 23216K, capacity 23704K, committed 23936K, reserved 1071104K
  class space    used 2957K, capacity 3147K, committed 3200K, reserved 1048576K
}
Event: 2.195 GC heap after
{Heap after GC invocations=4 (full 0):
 garbage-first heap   total 260096K, used 18250K [0x0000000080000000, 0x0000000100000000)
  region size 1024K, 2 young (2048K), 2 survivors (2048K)
 Metaspace       used 23216K, capacity 23704K, committed 23936K, reserved 1071104K
  class space    used 2957K, capacity 3147K, committed 3200K, reserved 1048576K
}
Event: 3.032 GC heap before
{Heap before GC invocations=4 (full 0):
 garbage-first heap   total 260096K, used 106314K [0x0000000080000000, 0x0000000100000000)
  region size 1024K, 89 young (91136K), 2 survivors (2048K)
 Metaspace       used 35013K, capacity 35785K, committed 35840K, reserved 1081344K
  class space    used 4550K, capacity 4863K, committed 4864K, reserved 1048576K
}
Event: 3.038 GC heap after
{Heap after GC invocations=5 (full 0):
 garbage-first heap   total 260096K, used 22654K [0x0000000080000000, 0x0000000100000000)
  region size 1024K, 6 young (6144K), 6 survivors (6144K)
 Metaspace       used 35013K, capacity 35785K, committed 35840K, reserved 1081344K
  class space    used 4550K, capacity 4863K, committed 4864K, reserved 1048576K
}
Event: 4.024 GC heap before
{Heap before GC invocations=6 (full 0):
 garbage-first heap   total 260096K, used 141438K [0x0000000080000000, 0x0000000100000000)
  region size 1024K, 119 young (121856K), 6 survivors (6144K)
 Metaspace       used 44537K, capacity 45524K, committed 45900K, reserved 1089536K
  class space    used 5716K, capacity 6090K, committed 6220K, reserved 1048576K
}
Event: 4.034 GC heap after
{Heap after GC invocations=7 (full 0):
 garbage-first heap   total 260096K, used 29625K [0x0000000080000000, 0x0000000100000000)
  region size 1024K, 13 young (13312K), 13 survivors (13312K)
 Metaspace       used 44537K, capacity 45524K, committed 45900K, reserved 1089536K
  class space    used 5716K, capacity 6090K, committed 6220K, reserved 1048576K
}
Event: 5.181 GC heap before
{Heap before GC invocations=7 (full 0):
 garbage-first heap   total 260096K, used 161721K [0x0000000080000000, 0x0000000100000000)
  region size 1024K, 138 young (141312K), 13 survivors (13312K)
 Metaspace       used 52906K, capacity 54311K, committed 54476K, reserved 1095680K
  class space    used 6742K, capacity 7277K, committed 7372K, reserved 1048576K
}
Event: 5.195 GC heap after
{Heap after GC invocations=8 (full 0):
 garbage-first heap   total 260096K, used 45841K [0x0000000080000000, 0x0000000100000000)
  region size 1024K, 18 young (18432K), 18 survivors (18432K)
 Metaspace       used 52906K, capacity 54311K, committed 54476K, reserved 1095680K
  class space    used 6742K, capacity 7277K, committed 7372K, reserved 1048576K
}
Event: 5.636 GC heap before
{Heap before GC invocations=8 (full 0):
 garbage-first heap   total 260096K, used 81681K [0x0000000080000000, 0x0000000100000000)
  region size 1024K, 54 young (55296K), 18 survivors (18432K)
 Metaspace       used 58562K, capacity 59960K, committed 60236K, reserved 1101824K
  class space    used 7457K, capacity 7984K, committed 8012K, reserved 1048576K
}
Event: 5.653 GC heap after
{Heap after GC invocations=9 (full 0):
 garbage-first heap   total 260096K, used 47973K [0x0000000080000000, 0x0000000100000000)
  region size 1024K, 3 young (3072K), 3 survivors (3072K)
 Metaspace       used 58562K, capacity 59960K, committed 60236K, reserved 1101824K
  class space    used 7457K, capacity 7984K, committed 8012K, reserved 1048576K
}
Event: 6.741 GC heap before
{Heap before GC invocations=10 (full 0):
 garbage-first heap   total 260096K, used 168805K [0x0000000080000000, 0x0000000100000000)
  region size 1024K, 121 young (123904K), 3 survivors (3072K)
 Metaspace       used 66941K, capacity 68469K, committed 68684K, reserved 1107968K
  class space    used 8583K, capacity 9186K, committed 9292K, reserved 1048576K
}
Event: 6.748 GC heap after
{Heap after GC invocations=11 (full 0):
 garbage-first heap   total 260096K, used 56185K [0x0000000080000000, 0x0000000100000000)
  region size 1024K, 11 young (11264K), 11 survivors (11264K)
 Metaspace       used 66941K, capacity 68469K, committed 68684K, reserved 1107968K
  class space    used 8583K, capacity 9186K, committed 9292K, reserved 1048576K
}

