# JRE version: OpenJDK Runtime Environment (11.0.11+9) (build 11.0.11+9-b60-7590822)
# Java VM: OpenJDK 64-Bit Server VM (11.0.11+9-b60-7590822, mixed mode, tiered, compressed oops, g1 gc, windows-amd64)
Heap:
 garbage-first heap   total 374784K, used 342834K [0x0000000080000000, 0x0000000100000000)
  region size 1024K, 146 young (149504K), 9 survivors (9216K)
 Metaspace       used 116693K, capacity 119774K, committed 119884K, reserved 1153024K
  class space    used 14649K, capacity 15859K, committed 15948K, reserved 1048576K
GC Heap History (20 events):
Event: 21.774 GC heap before
{Heap before GC invocations=38 (full 0):
 garbage-first heap   total 312320K, used 160682K [0x0000000080000000, 0x0000000100000000)
  region size 1024K, 15 young (15360K), 3 survivors (3072K)
 Metaspace       used 107664K, capacity 110491K, committed 111436K, reserved 1144832K
  class space    used 13709K, capacity 14818K, committed 15180K, reserved 1048576K
}
Event: 21.778 GC heap after
{Heap after GC invocations=39 (full 0):
 garbage-first heap   total 312320K, used 146298K [0x0000000080000000, 0x0000000100000000)
  region size 1024K, 1 young (1024K), 1 survivors (1024K)
 Metaspace       used 107664K, capacity 110491K, committed 111436K, reserved 1144832K
  class space    used 13709K, capacity 14818K, committed 15180K, reserved 1048576K
}
Event: 22.014 GC heap before
{Heap before GC invocations=39 (full 0):
 garbage-first heap   total 312320K, used 248698K [0x0000000080000000, 0x0000000100000000)
  region size 1024K, 101 young (103424K), 1 survivors (1024K)
 Metaspace       used 107834K, capacity 110673K, committed 111436K, reserved 1144832K
  class space    used 13734K, capacity 14856K, committed 15180K, reserved 1048576K
}
Event: 22.024 GC heap after
{Heap after GC invocations=40 (full 0):
 garbage-first heap   total 312320K, used 149593K [0x0000000080000000, 0x0000000100000000)
  region size 1024K, 4 young (4096K), 4 survivors (4096K)
 Metaspace       used 107834K, capacity 110673K, committed 111436K, reserved 1144832K
  class space    used 13734K, capacity 14856K, committed 15180K, reserved 1048576K
}
Event: 22.388 GC heap before
{Heap before GC invocations=41 (full 0):
 garbage-first heap   total 312320K, used 251993K [0x0000000080000000, 0x0000000100000000)
  region size 1024K, 105 young (107520K), 4 survivors (4096K)
 Metaspace       used 108169K, capacity 111019K, committed 111948K, reserved 1146880K
  class space    used 13743K, capacity 14861K, committed 15180K, reserved 1048576K
}
Event: 22.394 GC heap after
{Heap after GC invocations=42 (full 0):
 garbage-first heap   total 374784K, used 149543K [0x0000000080000000, 0x0000000100000000)
  region size 1024K, 4 young (4096K), 4 survivors (4096K)
 Metaspace       used 108169K, capacity 111019K, committed 111948K, reserved 1146880K
  class space    used 13743K, capacity 14861K, committed 15180K, reserved 1048576K
}
Event: 22.427 GC heap before
{Heap before GC invocations=42 (full 0):
 garbage-first heap   total 374784K, used 162855K [0x0000000080000000, 0x0000000100000000)
  region size 1024K, 18 young (18432K), 4 survivors (4096K)
 Metaspace       used 108203K, capacity 111087K, committed 111948K, reserved 1146880K
  class space    used 13743K, capacity 14861K, committed 15180K, reserved 1048576K
}
Event: 22.434 GC heap after
{Heap after GC invocations=43 (full 0):
 garbage-first heap   total 374784K, used 137243K [0x0000000080000000, 0x0000000100000000)
  region size 1024K, 2 young (2048K), 2 survivors (2048K)
 Metaspace       used 108203K, capacity 111087K, committed 111948K, reserved 1146880K
  class space    used 13743K, capacity 14861K, committed 15180K, reserved 1048576K
}
Event: 22.729 GC heap before
{Heap before GC invocations=43 (full 0):
 garbage-first heap   total 374784K, used 274459K [0x0000000080000000, 0x0000000100000000)
  region size 1024K, 137 young (140288K), 2 survivors (2048K)
 Metaspace       used 108466K, capacity 111298K, committed 112204K, reserved 1146880K
  class space    used 13743K, capacity 14861K, committed 15180K, reserved 1048576K
}
Event: 22.733 GC heap after
{Heap after GC invocations=44 (full 0):
 garbage-first heap   total 374784K, used 138536K [0x0000000080000000, 0x0000000100000000)
  region size 1024K, 4 young (4096K), 4 survivors (4096K)
 Metaspace       used 108466K, capacity 111298K, committed 112204K, reserved 1146880K
  class space    used 13743K, capacity 14861K, committed 15180K, reserved 1048576K
}
Event: 23.036 GC heap before
{Heap before GC invocations=44 (full 0):
 garbage-first heap   total 374784K, used 279848K [0x0000000080000000, 0x0000000100000000)
  region size 1024K, 143 young (146432K), 4 survivors (4096K)
 Metaspace       used 108770K, capacity 111638K, committed 112460K, reserved 1146880K
  class space    used 13747K, capacity 14868K, committed 15180K, reserved 1048576K
}
Event: 23.042 GC heap after
{Heap after GC invocations=45 (full 0):
 garbage-first heap   total 374784K, used 143942K [0x0000000080000000, 0x0000000100000000)
  region size 1024K, 9 young (9216K), 9 survivors (9216K)
 Metaspace       used 108770K, capacity 111638K, committed 112460K, reserved 1146880K
  class space    used 13747K, capacity 14868K, committed 15180K, reserved 1048576K
}
Event: 23.454 GC heap before
{Heap before GC invocations=45 (full 0):
 garbage-first heap   total 374784K, used 286278K [0x0000000080000000, 0x0000000100000000)
  region size 1024K, 149 young (152576K), 9 survivors (9216K)
 Metaspace       used 108910K, capacity 111806K, committed 112460K, reserved 1146880K
  class space    used 13747K, capacity 14868K, committed 15180K, reserved 1048576K
}
Event: 23.458 GC heap after
{Heap after GC invocations=46 (full 0):
 garbage-first heap   total 374784K, used 139225K [0x0000000080000000, 0x0000000100000000)
  region size 1024K, 4 young (4096K), 4 survivors (4096K)
 Metaspace       used 108910K, capacity 111806K, committed 112460K, reserved 1146880K
  class space    used 13747K, capacity 14868K, committed 15180K, reserved 1048576K
}
Event: 24.207 GC heap before
{Heap before GC invocations=46 (full 0):
 garbage-first heap   total 374784K, used 294873K [0x0000000080000000, 0x0000000100000000)
  region size 1024K, 157 young (160768K), 4 survivors (4096K)
 Metaspace       used 108995K, capacity 111880K, committed 112460K, reserved 1146880K
  class space    used 13748K, capacity 14870K, committed 15180K, reserved 1048576K
}
Event: 24.210 GC heap after
{Heap after GC invocations=47 (full 0):
 garbage-first heap   total 374784K, used 138355K [0x0000000080000000, 0x0000000100000000)
  region size 1024K, 3 young (3072K), 3 survivors (3072K)
 Metaspace       used 108995K, capacity 111880K, committed 112460K, reserved 1146880K
  class space    used 13748K, capacity 14870K, committed 15180K, reserved 1048576K
}
Event: 25.278 GC heap before
{Heap before GC invocations=47 (full 0):
 garbage-first heap   total 374784K, used 305267K [0x0000000080000000, 0x0000000100000000)
  region size 1024K, 167 young (171008K), 3 survivors (3072K)
 Metaspace       used 110200K, capacity 113124K, committed 113612K, reserved 1146880K
  class space    used 13893K, capacity 15038K, committed 15308K, reserved 1048576K
}
Event: 25.286 GC heap after
{Heap after GC invocations=48 (full 0):
 garbage-first heap   total 374784K, used 144362K [0x0000000080000000, 0x0000000100000000)
  region size 1024K, 9 young (9216K), 9 survivors (9216K)
 Metaspace       used 110200K, capacity 113124K, committed 113612K, reserved 1146880K
  class space    used 13893K, capacity 15038K, committed 15308K, reserved 1048576K
}
Event: 26.134 GC heap before
{Heap before GC invocations=48 (full 0):
 garbage-first heap   total 374784K, used 265194K [0x0000000080000000, 0x0000000100000000)
  region size 1024K, 93 young (95232K), 9 survivors (9216K)
 Metaspace       used 114830K, capacity 117801K, committed 118092K, reserved 1150976K
  class space    used 14484K, capacity 15667K, committed 15948K, reserved 1048576K
}
Event: 26.141 GC heap after
{Heap after GC invocations=49 (full 0):
 garbage-first heap   total 374784K, used 161586K [0x0000000080000000, 0x0000000100000000)
  region size 1024K, 9 young (9216K), 9 survivors (9216K)
 Metaspace       used 114830K, capacity 117801K, committed 118092K, reserved 1150976K
  class space    used 14484K, capacity 15667K, committed 15948K, reserved 1048576K
}

