# JRE version: OpenJDK Runtime Environment (11.0.11+9) (build 11.0.11+9-b60-7590822)
# Java VM: OpenJDK 64-Bit Server VM (11.0.11+9-b60-7590822, mixed mode, tiered, compressed oops, g1 gc, windows-amd64)
Heap:
 garbage-first heap   total 380928K, used 232532K [0x0000000080000000, 0x0000000100000000)
  region size 1024K, 4 young (4096K), 4 survivors (4096K)
 Metaspace       used 130532K, capacity 135058K, committed 135204K, reserved 1167360K
  class space    used 16420K, capacity 18109K, committed 18176K, reserved 1048576K
GC Heap History (20 events):
Event: 334.985 GC heap after
{Heap after GC invocations=49 (full 0):
 garbage-first heap   total 260096K, used 192857K [0x0000000080000000, 0x0000000100000000)
  region size 1024K, 3 young (3072K), 3 survivors (3072K)
 Metaspace       used 122882K, capacity 126784K, committed 127140K, reserved 1159168K
  class space    used 15220K, capacity 16650K, committed 16768K, reserved 1048576K
}
Event: 335.089 GC heap before
{Heap before GC invocations=49 (full 0):
 garbage-first heap   total 260096K, used 215385K [0x0000000080000000, 0x0000000100000000)
  region size 1024K, 26 young (26624K), 3 survivors (3072K)
 Metaspace       used 122938K, capacity 126850K, committed 127140K, reserved 1159168K
  class space    used 15220K, capacity 16650K, committed 16768K, reserved 1048576K
}
Event: 335.093 GC heap after
{Heap after GC invocations=50 (full 0):
 garbage-first heap   total 260096K, used 193214K [0x0000000080000000, 0x0000000100000000)
  region size 1024K, 3 young (3072K), 3 survivors (3072K)
 Metaspace       used 122938K, capacity 126850K, committed 127140K, reserved 1159168K
  class space    used 15220K, capacity 16650K, committed 16768K, reserved 1048576K
}
Event: 335.626 GC heap before
{Heap before GC invocations=51 (full 0):
 garbage-first heap   total 260096K, used 227006K [0x0000000080000000, 0x0000000100000000)
  region size 1024K, 34 young (34816K), 3 survivors (3072K)
 Metaspace       used 123111K, capacity 126982K, committed 127140K, reserved 1159168K
  class space    used 15225K, capacity 16651K, committed 16768K, reserved 1048576K
}
Event: 335.633 GC heap after
{Heap after GC invocations=52 (full 0):
 garbage-first heap   total 260096K, used 196257K [0x0000000080000000, 0x0000000100000000)
  region size 1024K, 4 young (4096K), 4 survivors (4096K)
 Metaspace       used 123111K, capacity 126982K, committed 127140K, reserved 1159168K
  class space    used 15225K, capacity 16651K, committed 16768K, reserved 1048576K
}
Event: 335.789 GC heap before
{Heap before GC invocations=52 (full 0):
 garbage-first heap   total 260096K, used 203425K [0x0000000080000000, 0x0000000100000000)
  region size 1024K, 12 young (12288K), 4 survivors (4096K)
 Metaspace       used 123145K, capacity 127053K, committed 127396K, reserved 1161216K
  class space    used 15232K, capacity 16654K, committed 16768K, reserved 1048576K
}
Event: 335.795 GC heap after
{Heap after GC invocations=53 (full 0):
 garbage-first heap   total 260096K, used 198193K [0x0000000080000000, 0x0000000100000000)
  region size 1024K, 2 young (2048K), 2 survivors (2048K)
 Metaspace       used 123145K, capacity 127053K, committed 127396K, reserved 1161216K
  class space    used 15232K, capacity 16654K, committed 16768K, reserved 1048576K
}
Event: 336.069 GC heap before
{Heap before GC invocations=53 (full 0):
 garbage-first heap   total 260096K, used 224817K [0x0000000080000000, 0x0000000100000000)
  region size 1024K, 29 young (29696K), 2 survivors (2048K)
 Metaspace       used 123253K, capacity 127216K, committed 127396K, reserved 1161216K
  class space    used 15243K, capacity 16665K, committed 16768K, reserved 1048576K
}
Event: 336.073 GC heap after
{Heap after GC invocations=54 (full 0):
 garbage-first heap   total 260096K, used 202954K [0x0000000080000000, 0x0000000100000000)
  region size 1024K, 4 young (4096K), 4 survivors (4096K)
 Metaspace       used 123253K, capacity 127216K, committed 127396K, reserved 1161216K
  class space    used 15243K, capacity 16665K, committed 16768K, reserved 1048576K
}
Event: 336.217 GC heap before
{Heap before GC invocations=54 (full 0):
 garbage-first heap   total 260096K, used 222410K [0x0000000080000000, 0x0000000100000000)
  region size 1024K, 24 young (24576K), 4 survivors (4096K)
 Metaspace       used 123450K, capacity 127442K, committed 127652K, reserved 1161216K
  class space    used 15273K, capacity 16714K, committed 16768K, reserved 1048576K
}
Event: 336.222 GC heap after
{Heap after GC invocations=55 (full 0):
 garbage-first heap   total 312320K, used 203263K [0x0000000080000000, 0x0000000100000000)
  region size 1024K, 2 young (2048K), 2 survivors (2048K)
 Metaspace       used 123450K, capacity 127442K, committed 127652K, reserved 1161216K
  class space    used 15273K, capacity 16714K, committed 16768K, reserved 1048576K
}
Event: 336.386 GC heap before
{Heap before GC invocations=55 (full 0):
 garbage-first heap   total 312320K, used 248319K [0x0000000080000000, 0x0000000100000000)
  region size 1024K, 43 young (44032K), 2 survivors (2048K)
 Metaspace       used 124333K, capacity 128397K, committed 128548K, reserved 1161216K
  class space    used 15390K, capacity 16850K, committed 16896K, reserved 1048576K
}
Event: 336.389 GC heap after
{Heap after GC invocations=56 (full 0):
 garbage-first heap   total 312320K, used 206783K [0x0000000080000000, 0x0000000100000000)
  region size 1024K, 5 young (5120K), 5 survivors (5120K)
 Metaspace       used 124333K, capacity 128397K, committed 128548K, reserved 1161216K
  class space    used 15390K, capacity 16850K, committed 16896K, reserved 1048576K
}
Event: 336.530 GC heap before
{Heap before GC invocations=56 (full 0):
 garbage-first heap   total 312320K, used 248767K [0x0000000080000000, 0x0000000100000000)
  region size 1024K, 47 young (48128K), 5 survivors (5120K)
 Metaspace       used 125575K, capacity 129698K, committed 129828K, reserved 1163264K
  class space    used 15570K, capacity 17062K, committed 17152K, reserved 1048576K
}
Event: 336.537 GC heap after
{Heap after GC invocations=57 (full 0):
 garbage-first heap   total 312320K, used 214895K [0x0000000080000000, 0x0000000100000000)
  region size 1024K, 6 young (6144K), 6 survivors (6144K)
 Metaspace       used 125575K, capacity 129698K, committed 129828K, reserved 1163264K
  class space    used 15570K, capacity 17062K, committed 17152K, reserved 1048576K
}
Event: 336.719 GC heap before
{Heap before GC invocations=57 (full 0):
 garbage-first heap   total 312320K, used 254831K [0x0000000080000000, 0x0000000100000000)
  region size 1024K, 45 young (46080K), 6 survivors (6144K)
 Metaspace       used 127293K, capacity 131481K, committed 131620K, reserved 1163264K
  class space    used 15815K, capacity 17338K, committed 17408K, reserved 1048576K
}
Event: 336.729 GC heap after
{Heap after GC invocations=58 (full 0):
 garbage-first heap   total 312320K, used 223008K [0x0000000080000000, 0x0000000100000000)
  region size 1024K, 6 young (6144K), 6 survivors (6144K)
 Metaspace       used 127293K, capacity 131481K, committed 131620K, reserved 1163264K
  class space    used 15815K, capacity 17338K, committed 17408K, reserved 1048576K
}
Event: 336.784 GC heap before
{Heap before GC invocations=58 (full 0):
 garbage-first heap   total 312320K, used 258848K [0x0000000080000000, 0x0000000100000000)
  region size 1024K, 41 young (41984K), 6 survivors (6144K)
 Metaspace       used 127776K, capacity 132043K, committed 132260K, reserved 1165312K
  class space    used 15906K, capacity 17468K, committed 17536K, reserved 1048576K
}
Event: 336.793 GC heap after
{Heap after GC invocations=59 (full 0):
 garbage-first heap   total 312320K, used 228919K [0x0000000080000000, 0x0000000100000000)
  region size 1024K, 6 young (6144K), 6 survivors (6144K)
 Metaspace       used 127776K, capacity 132043K, committed 132260K, reserved 1165312K
  class space    used 15906K, capacity 17468K, committed 17536K, reserved 1048576K
}
Event: 336.933 GC heap before
{Heap before GC invocations=59 (full 0):
 garbage-first heap   total 312320K, used 260663K [0x0000000080000000, 0x0000000100000000)
  region size 1024K, 38 young (38912K), 6 survivors (6144K)
 Metaspace       used 130532K, capacity 135058K, committed 135204K, reserved 1167360K
  class space    used 16420K, capacity 18109K, committed 18176K, reserved 1048576K
}

