# JRE version: OpenJDK Runtime Environment (11.0.11+9) (build 11.0.11+9-b60-7590822)
# Java VM: OpenJDK 64-Bit Server VM (11.0.11+9-b60-7590822, mixed mode, tiered, compressed oops, g1 gc, windows-amd64)
Heap:
 garbage-first heap   total 260096K, used 165579K [0x0000000080000000, 0x0000000100000000)
  region size 1024K, 119 young (121856K), 3 survivors (3072K)
 Metaspace       used 66474K, capacity 68013K, committed 68300K, reserved 1107968K
  class space    used 8488K, capacity 9095K, committed 9164K, reserved 1048576K
GC Heap History (14 events):
Event: 0.512 GC heap before
{Heap before GC invocations=0 (full 0):
 garbage-first heap   total 260096K, used 30720K [0x0000000080000000, 0x0000000100000000)
  region size 1024K, 24 young (24576K), 0 survivors (0K)
 Metaspace       used 9876K, capacity 10114K, committed 10368K, reserved 1058816K
  class space    used 1028K, capacity 1102K, committed 1152K, reserved 1048576K
}
Event: 0.515 GC heap after
{Heap after GC invocations=1 (full 0):
 garbage-first heap   total 260096K, used 9434K [0x0000000080000000, 0x0000000100000000)
  region size 1024K, 3 young (3072K), 3 survivors (3072K)
 Metaspace       used 9876K, capacity 10114K, committed 10368K, reserved 1058816K
  class space    used 1028K, capacity 1102K, committed 1152K, reserved 1048576K
}
Event: 1.852 GC heap before
{Heap before GC invocations=1 (full 0):
 garbage-first heap   total 260096K, used 108762K [0x0000000080000000, 0x0000000100000000)
  region size 1024K, 101 young (103424K), 3 survivors (3072K)
 Metaspace       used 20685K, capacity 21075K, committed 21248K, reserved 1067008K
  class space    used 2538K, capacity 2693K, committed 2816K, reserved 1048576K
}
Event: 1.860 GC heap after
{Heap after GC invocations=2 (full 0):
 garbage-first heap   total 260096K, used 16653K [0x0000000080000000, 0x0000000100000000)
  region size 1024K, 11 young (11264K), 11 survivors (11264K)
 Metaspace       used 20685K, capacity 21075K, committed 21248K, reserved 1067008K
  class space    used 2538K, capacity 2693K, committed 2816K, reserved 1048576K
}
Event: 2.116 GC heap before
{Heap before GC invocations=3 (full 0):
 garbage-first heap   total 260096K, used 53517K [0x0000000080000000, 0x0000000100000000)
  region size 1024K, 47 young (48128K), 11 survivors (11264K)
 Metaspace       used 24208K, capacity 24765K, committed 24960K, reserved 1071104K
  class space    used 3107K, capacity 3332K, committed 3456K, reserved 1048576K
}
Event: 2.121 GC heap after
{Heap after GC invocations=4 (full 0):
 garbage-first heap   total 260096K, used 18532K [0x0000000080000000, 0x0000000100000000)
  region size 1024K, 2 young (2048K), 2 survivors (2048K)
 Metaspace       used 24208K, capacity 24765K, committed 24960K, reserved 1071104K
  class space    used 3107K, capacity 3332K, committed 3456K, reserved 1048576K
}
Event: 2.800 GC heap before
{Heap before GC invocations=4 (full 0):
 garbage-first heap   total 260096K, used 94308K [0x0000000080000000, 0x0000000100000000)
  region size 1024K, 77 young (78848K), 2 survivors (2048K)
 Metaspace       used 35022K, capacity 35786K, committed 35840K, reserved 1081344K
  class space    used 4559K, capacity 4863K, committed 4864K, reserved 1048576K
}
Event: 2.805 GC heap after
{Heap after GC invocations=5 (full 0):
 garbage-first heap   total 260096K, used 22364K [0x0000000080000000, 0x0000000100000000)
  region size 1024K, 6 young (6144K), 6 survivors (6144K)
 Metaspace       used 35022K, capacity 35786K, committed 35840K, reserved 1081344K
  class space    used 4559K, capacity 4863K, committed 4864K, reserved 1048576K
}
Event: 3.799 GC heap before
{Heap before GC invocations=6 (full 0):
 garbage-first heap   total 260096K, used 149340K [0x0000000080000000, 0x0000000100000000)
  region size 1024K, 127 young (130048K), 6 survivors (6144K)
 Metaspace       used 45135K, capacity 46248K, committed 46412K, reserved 1089536K
  class space    used 5798K, capacity 6204K, committed 6220K, reserved 1048576K
}
Event: 3.809 GC heap after
{Heap after GC invocations=7 (full 0):
 garbage-first heap   total 260096K, used 29304K [0x0000000080000000, 0x0000000100000000)
  region size 1024K, 13 young (13312K), 13 survivors (13312K)
 Metaspace       used 45135K, capacity 46248K, committed 46412K, reserved 1089536K
  class space    used 5798K, capacity 6204K, committed 6220K, reserved 1048576K
}
Event: 4.986 GC heap before
{Heap before GC invocations=7 (full 0):
 garbage-first heap   total 260096K, used 171640K [0x0000000080000000, 0x0000000100000000)
  region size 1024K, 147 young (150528K), 13 survivors (13312K)
 Metaspace       used 55387K, capacity 56682K, committed 56780K, reserved 1097728K
  class space    used 7042K, capacity 7533K, committed 7628K, reserved 1048576K
}
Event: 4.996 GC heap after
{Heap after GC invocations=8 (full 0):
 garbage-first heap   total 260096K, used 45981K [0x0000000080000000, 0x0000000100000000)
  region size 1024K, 19 young (19456K), 19 survivors (19456K)
 Metaspace       used 55387K, capacity 56682K, committed 56780K, reserved 1097728K
  class space    used 7042K, capacity 7533K, committed 7628K, reserved 1048576K
}
Event: 5.241 GC heap before
{Heap before GC invocations=8 (full 0):
 garbage-first heap   total 260096K, used 66461K [0x0000000080000000, 0x0000000100000000)
  region size 1024K, 40 young (40960K), 19 survivors (19456K)
 Metaspace       used 58558K, capacity 59994K, committed 60236K, reserved 1101824K
  class space    used 7462K, capacity 7995K, committed 8012K, reserved 1048576K
}
Event: 5.254 GC heap after
{Heap after GC invocations=9 (full 0):
 garbage-first heap   total 260096K, used 47819K [0x0000000080000000, 0x0000000100000000)
  region size 1024K, 3 young (3072K), 3 survivors (3072K)
 Metaspace       used 58558K, capacity 59994K, committed 60236K, reserved 1101824K
  class space    used 7462K, capacity 7995K, committed 8012K, reserved 1048576K
}

