# JRE version: OpenJDK Runtime Environment (11.0.11+9) (build 11.0.11+9-b60-7590822)
# Java VM: OpenJDK 64-Bit Server VM (11.0.11+9-b60-7590822, mixed mode, tiered, compressed oops, g1 gc, windows-amd64)
Heap:
 garbage-first heap   total 312320K, used 234501K [0x0000000080000000, 0x0000000100000000)
  region size 1024K, 111 young (113664K), 4 survivors (4096K)
 Metaspace       used 102795K, capacity 105530K, committed 106444K, reserved 1140736K
  class space    used 13256K, capacity 14302K, committed 14796K, reserved 1048576K
GC Heap History (20 events):
Event: 12.020 GC heap before
{Heap before GC invocations=28 (full 0):
 garbage-first heap   total 260096K, used 216956K [0x0000000080000000, 0x0000000100000000)
  region size 1024K, 93 young (95232K), 1 survivors (1024K)
 Metaspace       used 96485K, capacity 99088K, committed 100684K, reserved 1136640K
  class space    used 12534K, capacity 13521K, committed 14156K, reserved 1048576K
}
Event: 12.025 GC heap after
{Heap after GC invocations=29 (full 0):
 garbage-first heap   total 260096K, used 125910K [0x0000000080000000, 0x0000000100000000)
  region size 1024K, 3 young (3072K), 3 survivors (3072K)
 Metaspace       used 96485K, capacity 99088K, committed 100684K, reserved 1136640K
  class space    used 12534K, capacity 13521K, committed 14156K, reserved 1048576K
}
Event: 12.270 GC heap before
{Heap before GC invocations=30 (full 0):
 garbage-first heap   total 260096K, used 218070K [0x0000000080000000, 0x0000000100000000)
  region size 1024K, 94 young (96256K), 3 survivors (3072K)
 Metaspace       used 96581K, capacity 99187K, committed 100684K, reserved 1136640K
  class space    used 12541K, capacity 13531K, committed 14156K, reserved 1048576K
}
Event: 12.275 GC heap after
{Heap after GC invocations=31 (full 0):
 garbage-first heap   total 260096K, used 127707K [0x0000000080000000, 0x0000000100000000)
  region size 1024K, 5 young (5120K), 5 survivors (5120K)
 Metaspace       used 96581K, capacity 99187K, committed 100684K, reserved 1136640K
  class space    used 12541K, capacity 13531K, committed 14156K, reserved 1048576K
}
Event: 12.293 GC heap before
{Heap before GC invocations=31 (full 0):
 garbage-first heap   total 260096K, used 134875K [0x0000000080000000, 0x0000000100000000)
  region size 1024K, 12 young (12288K), 5 survivors (5120K)
 Metaspace       used 96588K, capacity 99188K, committed 100684K, reserved 1136640K
  class space    used 12541K, capacity 13531K, committed 14156K, reserved 1048576K
}
Event: 12.299 GC heap after
{Heap after GC invocations=32 (full 0):
 garbage-first heap   total 260096K, used 122554K [0x0000000080000000, 0x0000000100000000)
  region size 1024K, 2 young (2048K), 2 survivors (2048K)
 Metaspace       used 96588K, capacity 99188K, committed 100684K, reserved 1136640K
  class space    used 12541K, capacity 13531K, committed 14156K, reserved 1048576K
}
Event: 12.520 GC heap before
{Heap before GC invocations=32 (full 0):
 garbage-first heap   total 260096K, used 216762K [0x0000000080000000, 0x0000000100000000)
  region size 1024K, 95 young (97280K), 2 survivors (2048K)
 Metaspace       used 96701K, capacity 99282K, committed 100684K, reserved 1136640K
  class space    used 12543K, capacity 13535K, committed 14156K, reserved 1048576K
}
Event: 12.531 GC heap after
{Heap after GC invocations=33 (full 0):
 garbage-first heap   total 312320K, used 125439K [0x0000000080000000, 0x0000000100000000)
  region size 1024K, 4 young (4096K), 4 survivors (4096K)
 Metaspace       used 96701K, capacity 99282K, committed 100684K, reserved 1136640K
  class space    used 12543K, capacity 13535K, committed 14156K, reserved 1048576K
}
Event: 12.787 GC heap before
{Heap before GC invocations=34 (full 0):
 garbage-first heap   total 312320K, used 247295K [0x0000000080000000, 0x0000000100000000)
  region size 1024K, 124 young (126976K), 4 survivors (4096K)
 Metaspace       used 96717K, capacity 99282K, committed 100684K, reserved 1136640K
  class space    used 12543K, capacity 13535K, committed 14156K, reserved 1048576K
}
Event: 12.791 GC heap after
{Heap after GC invocations=35 (full 0):
 garbage-first heap   total 312320K, used 126362K [0x0000000080000000, 0x0000000100000000)
  region size 1024K, 5 young (5120K), 5 survivors (5120K)
 Metaspace       used 96717K, capacity 99282K, committed 100684K, reserved 1136640K
  class space    used 12543K, capacity 13535K, committed 14156K, reserved 1048576K
}
Event: 13.069 GC heap before
{Heap before GC invocations=35 (full 0):
 garbage-first heap   total 312320K, used 250266K [0x0000000080000000, 0x0000000100000000)
  region size 1024K, 127 young (130048K), 5 survivors (5120K)
 Metaspace       used 96856K, capacity 99446K, committed 100940K, reserved 1136640K
  class space    used 12543K, capacity 13535K, committed 14156K, reserved 1048576K
}
Event: 13.072 GC heap after
{Heap after GC invocations=36 (full 0):
 garbage-first heap   total 312320K, used 125360K [0x0000000080000000, 0x0000000100000000)
  region size 1024K, 4 young (4096K), 4 survivors (4096K)
 Metaspace       used 96856K, capacity 99446K, committed 100940K, reserved 1136640K
  class space    used 12543K, capacity 13535K, committed 14156K, reserved 1048576K
}
Event: 13.403 GC heap before
{Heap before GC invocations=36 (full 0):
 garbage-first heap   total 312320K, used 253360K [0x0000000080000000, 0x0000000100000000)
  region size 1024K, 130 young (133120K), 4 survivors (4096K)
 Metaspace       used 97035K, capacity 99608K, committed 100940K, reserved 1136640K
  class space    used 12545K, capacity 13538K, committed 14156K, reserved 1048576K
}
Event: 13.407 GC heap after
{Heap after GC invocations=37 (full 0):
 garbage-first heap   total 312320K, used 127464K [0x0000000080000000, 0x0000000100000000)
  region size 1024K, 6 young (6144K), 6 survivors (6144K)
 Metaspace       used 97035K, capacity 99608K, committed 100940K, reserved 1136640K
  class space    used 12545K, capacity 13538K, committed 14156K, reserved 1048576K
}
Event: 13.956 GC heap before
{Heap before GC invocations=37 (full 0):
 garbage-first heap   total 312320K, used 255464K [0x0000000080000000, 0x0000000100000000)
  region size 1024K, 132 young (135168K), 6 survivors (6144K)
 Metaspace       used 97089K, capacity 99693K, committed 101196K, reserved 1136640K
  class space    used 12545K, capacity 13538K, committed 14156K, reserved 1048576K
}
Event: 13.958 GC heap after
{Heap after GC invocations=38 (full 0):
 garbage-first heap   total 312320K, used 123860K [0x0000000080000000, 0x0000000100000000)
  region size 1024K, 3 young (3072K), 3 survivors (3072K)
 Metaspace       used 97089K, capacity 99693K, committed 101196K, reserved 1136640K
  class space    used 12545K, capacity 13538K, committed 14156K, reserved 1048576K
}
Event: 14.581 GC heap before
{Heap before GC invocations=38 (full 0):
 garbage-first heap   total 312320K, used 259028K [0x0000000080000000, 0x0000000100000000)
  region size 1024K, 135 young (138240K), 3 survivors (3072K)
 Metaspace       used 97106K, capacity 99701K, committed 101196K, reserved 1136640K
  class space    used 12547K, capacity 13540K, committed 14156K, reserved 1048576K
}
Event: 14.585 GC heap after
{Heap after GC invocations=39 (full 0):
 garbage-first heap   total 312320K, used 124576K [0x0000000080000000, 0x0000000100000000)
  region size 1024K, 4 young (4096K), 4 survivors (4096K)
 Metaspace       used 97106K, capacity 99701K, committed 101196K, reserved 1136640K
  class space    used 12547K, capacity 13540K, committed 14156K, reserved 1048576K
}
Event: 15.279 GC heap before
{Heap before GC invocations=39 (full 0):
 garbage-first heap   total 312320K, used 260768K [0x0000000080000000, 0x0000000100000000)
  region size 1024K, 138 young (141312K), 4 survivors (4096K)
 Metaspace       used 97584K, capacity 100250K, committed 101452K, reserved 1136640K
  class space    used 12604K, capacity 13626K, committed 14156K, reserved 1048576K
}
Event: 15.283 GC heap after
{Heap after GC invocations=40 (full 0):
 garbage-first heap   total 312320K, used 124933K [0x0000000080000000, 0x0000000100000000)
  region size 1024K, 4 young (4096K), 4 survivors (4096K)
 Metaspace       used 97584K, capacity 100250K, committed 101452K, reserved 1136640K
  class space    used 12604K, capacity 13626K, committed 14156K, reserved 1048576K
}

