# JRE version: OpenJDK Runtime Environment (11.0.11+9) (build 11.0.11+9-b60-7590822)
# Java VM: OpenJDK 64-Bit Server VM (11.0.11+9-b60-7590822, mixed mode, tiered, compressed oops, g1 gc, windows-amd64)
Heap:
 garbage-first heap   total 260096K, used 175853K [0x0000000080000000, 0x0000000100000000)
  region size 1024K, 43 young (44032K), 11 survivors (11264K)
 Metaspace       used 88764K, capacity 91009K, committed 91212K, reserved 1128448K
  class space    used 11480K, capacity 12312K, committed 12416K, reserved 1048576K
GC Heap History (20 events):
Event: 2.570 GC heap before
{Heap before GC invocations=4 (full 0):
 garbage-first heap   total 260096K, used 93166K [0x0000000080000000, 0x0000000100000000)
  region size 1024K, 76 young (77824K), 2 survivors (2048K)
 Metaspace       used 35005K, capacity 35786K, committed 35840K, reserved 1081344K
  class space    used 4555K, capacity 4863K, committed 4864K, reserved 1048576K
}
Event: 2.577 GC heap after
{Heap after GC invocations=5 (full 0):
 garbage-first heap   total 260096K, used 22276K [0x0000000080000000, 0x0000000100000000)
  region size 1024K, 6 young (6144K), 6 survivors (6144K)
 Metaspace       used 35005K, capacity 35786K, committed 35840K, reserved 1081344K
  class space    used 4555K, capacity 4863K, committed 4864K, reserved 1048576K
}
Event: 3.431 GC heap before
{Heap before GC invocations=6 (full 0):
 garbage-first heap   total 260096K, used 135940K [0x0000000080000000, 0x0000000100000000)
  region size 1024K, 114 young (116736K), 6 survivors (6144K)
 Metaspace       used 44168K, capacity 45202K, committed 45516K, reserved 1089536K
  class space    used 5657K, capacity 6025K, committed 6144K, reserved 1048576K
}
Event: 3.438 GC heap after
{Heap after GC invocations=7 (full 0):
 garbage-first heap   total 260096K, used 29252K [0x0000000080000000, 0x0000000100000000)
  region size 1024K, 13 young (13312K), 13 survivors (13312K)
 Metaspace       used 44168K, capacity 45202K, committed 45516K, reserved 1089536K
  class space    used 5657K, capacity 6025K, committed 6144K, reserved 1048576K
}
Event: 4.314 GC heap before
{Heap before GC invocations=7 (full 0):
 garbage-first heap   total 260096K, used 159300K [0x0000000080000000, 0x0000000100000000)
  region size 1024K, 135 young (138240K), 13 survivors (13312K)
 Metaspace       used 52028K, capacity 53366K, committed 53452K, reserved 1095680K
  class space    used 6622K, capacity 7131K, committed 7168K, reserved 1048576K
}
Event: 4.324 GC heap after
{Heap after GC invocations=8 (full 0):
 garbage-first heap   total 260096K, used 44530K [0x0000000080000000, 0x0000000100000000)
  region size 1024K, 17 young (17408K), 17 survivors (17408K)
 Metaspace       used 52028K, capacity 53366K, committed 53452K, reserved 1095680K
  class space    used 6622K, capacity 7131K, committed 7168K, reserved 1048576K
}
Event: 4.818 GC heap before
{Heap before GC invocations=8 (full 0):
 garbage-first heap   total 260096K, used 91634K [0x0000000080000000, 0x0000000100000000)
  region size 1024K, 64 young (65536K), 17 survivors (17408K)
 Metaspace       used 58766K, capacity 60201K, committed 60236K, reserved 1101824K
  class space    used 7486K, capacity 8043K, committed 8064K, reserved 1048576K
}
Event: 4.831 GC heap after
{Heap after GC invocations=9 (full 0):
 garbage-first heap   total 260096K, used 48370K [0x0000000080000000, 0x0000000100000000)
  region size 1024K, 4 young (4096K), 4 survivors (4096K)
 Metaspace       used 58766K, capacity 60201K, committed 60236K, reserved 1101824K
  class space    used 7486K, capacity 8043K, committed 8064K, reserved 1048576K
}
Event: 5.630 GC heap before
{Heap before GC invocations=10 (full 0):
 garbage-first heap   total 260096K, used 161010K [0x0000000080000000, 0x0000000100000000)
  region size 1024K, 114 young (116736K), 4 survivors (4096K)
 Metaspace       used 66218K, capacity 67785K, committed 67916K, reserved 1107968K
  class space    used 8442K, capacity 9041K, committed 9088K, reserved 1048576K
}
Event: 5.638 GC heap after
{Heap after GC invocations=11 (full 0):
 garbage-first heap   total 260096K, used 55927K [0x0000000080000000, 0x0000000100000000)
  region size 1024K, 12 young (12288K), 12 survivors (12288K)
 Metaspace       used 66218K, capacity 67785K, committed 67916K, reserved 1107968K
  class space    used 8442K, capacity 9041K, committed 9088K, reserved 1048576K
}
Event: 6.708 GC heap before
{Heap before GC invocations=12 (full 0):
 garbage-first heap   total 260096K, used 170615K [0x0000000080000000, 0x0000000100000000)
  region size 1024K, 124 young (126976K), 12 survivors (12288K)
 Metaspace       used 78100K, capacity 79823K, committed 80076K, reserved 1118208K
  class space    used 10207K, capacity 10884K, committed 11008K, reserved 1048576K
}
Event: 6.719 GC heap after
{Heap after GC invocations=13 (full 0):
 garbage-first heap   total 260096K, used 63538K [0x0000000080000000, 0x0000000100000000)
  region size 1024K, 8 young (8192K), 8 survivors (8192K)
 Metaspace       used 78100K, capacity 79823K, committed 80076K, reserved 1118208K
  class space    used 10207K, capacity 10884K, committed 11008K, reserved 1048576K
}
Event: 7.561 GC heap before
{Heap before GC invocations=13 (full 0):
 garbage-first heap   total 260096K, used 180274K [0x0000000080000000, 0x0000000100000000)
  region size 1024K, 122 young (124928K), 8 survivors (8192K)
 Metaspace       used 81125K, capacity 83326K, committed 83404K, reserved 1122304K
  class space    used 10614K, capacity 11459K, committed 11520K, reserved 1048576K
}
Event: 7.570 GC heap after
{Heap after GC invocations=14 (full 0):
 garbage-first heap   total 260096K, used 72917K [0x0000000080000000, 0x0000000100000000)
  region size 1024K, 16 young (16384K), 16 survivors (16384K)
 Metaspace       used 81125K, capacity 83326K, committed 83404K, reserved 1122304K
  class space    used 10614K, capacity 11459K, committed 11520K, reserved 1048576K
}
Event: 8.140 GC heap before
{Heap before GC invocations=14 (full 0):
 garbage-first heap   total 260096K, used 186581K [0x0000000080000000, 0x0000000100000000)
  region size 1024K, 128 young (131072K), 16 survivors (16384K)
 Metaspace       used 81931K, capacity 84070K, committed 84300K, reserved 1122304K
  class space    used 10680K, capacity 11528K, committed 11648K, reserved 1048576K
}
Event: 8.153 GC heap after
{Heap after GC invocations=15 (full 0):
 garbage-first heap   total 260096K, used 82270K [0x0000000080000000, 0x0000000100000000)
  region size 1024K, 10 young (10240K), 10 survivors (10240K)
 Metaspace       used 81931K, capacity 84070K, committed 84300K, reserved 1122304K
  class space    used 10680K, capacity 11528K, committed 11648K, reserved 1048576K
}
Event: 8.627 GC heap before
{Heap before GC invocations=15 (full 0):
 garbage-first heap   total 260096K, used 192862K [0x0000000080000000, 0x0000000100000000)
  region size 1024K, 119 young (121856K), 10 survivors (10240K)
 Metaspace       used 84243K, capacity 86384K, committed 86604K, reserved 1124352K
  class space    used 10949K, capacity 11785K, committed 11904K, reserved 1048576K
}
Event: 8.637 GC heap after
{Heap after GC invocations=16 (full 0):
 garbage-first heap   total 260096K, used 88460K [0x0000000080000000, 0x0000000100000000)
  region size 1024K, 7 young (7168K), 7 survivors (7168K)
 Metaspace       used 84243K, capacity 86384K, committed 86604K, reserved 1124352K
  class space    used 10949K, capacity 11785K, committed 11904K, reserved 1048576K
}
Event: 8.980 GC heap before
{Heap before GC invocations=16 (full 0):
 garbage-first heap   total 260096K, used 170380K [0x0000000080000000, 0x0000000100000000)
  region size 1024K, 53 young (54272K), 7 survivors (7168K)
 Metaspace       used 87737K, capacity 89996K, committed 90060K, reserved 1126400K
  class space    used 11384K, capacity 12252K, committed 12288K, reserved 1048576K
}
Event: 8.986 GC heap after
{Heap after GC invocations=17 (full 0):
 garbage-first heap   total 260096K, used 118509K [0x0000000080000000, 0x0000000100000000)
  region size 1024K, 11 young (11264K), 11 survivors (11264K)
 Metaspace       used 87737K, capacity 89996K, committed 90060K, reserved 1126400K
  class space    used 11384K, capacity 12252K, committed 12288K, reserved 1048576K
}

