# JRE version: OpenJDK Runtime Environment (11.0.11+9) (build 11.0.11+9-b60-7590822)
# Java VM: OpenJDK 64-Bit Server VM (11.0.11+9-b60-7590822, mixed mode, tiered, compressed oops, g1 gc, windows-amd64)
Heap:
 garbage-first heap   total 260096K, used 175808K [0x0000000080000000, 0x0000000100000000)
  region size 1024K, 61 young (62464K), 14 survivors (14336K)
 Metaspace       used 90627K, capacity 92983K, committed 93260K, reserved 1130496K
  class space    used 11654K, capacity 12551K, committed 12620K, reserved 1048576K
GC Heap History (20 events):
Event: 2.877 GC heap before
{Heap before GC invocations=4 (full 0):
 garbage-first heap   total 260096K, used 93233K [0x0000000080000000, 0x0000000100000000)
  region size 1024K, 76 young (77824K), 2 survivors (2048K)
 Metaspace       used 35030K, capacity 35786K, committed 35840K, reserved 1081344K
  class space    used 4556K, capacity 4863K, committed 4864K, reserved 1048576K
}
Event: 2.884 GC heap after
{Heap after GC invocations=5 (full 0):
 garbage-first heap   total 260096K, used 22605K [0x0000000080000000, 0x0000000100000000)
  region size 1024K, 6 young (6144K), 6 survivors (6144K)
 Metaspace       used 35030K, capacity 35786K, committed 35840K, reserved 1081344K
  class space    used 4556K, capacity 4863K, committed 4864K, reserved 1048576K
}
Event: 3.943 GC heap before
{Heap before GC invocations=6 (full 0):
 garbage-first heap   total 260096K, used 136269K [0x0000000080000000, 0x0000000100000000)
  region size 1024K, 114 young (116736K), 6 survivors (6144K)
 Metaspace       used 44168K, capacity 45193K, committed 45516K, reserved 1089536K
  class space    used 5652K, capacity 6022K, committed 6092K, reserved 1048576K
}
Event: 3.953 GC heap after
{Heap after GC invocations=7 (full 0):
 garbage-first heap   total 260096K, used 29509K [0x0000000080000000, 0x0000000100000000)
  region size 1024K, 13 young (13312K), 13 survivors (13312K)
 Metaspace       used 44168K, capacity 45193K, committed 45516K, reserved 1089536K
  class space    used 5652K, capacity 6022K, committed 6092K, reserved 1048576K
}
Event: 5.006 GC heap before
{Heap before GC invocations=7 (full 0):
 garbage-first heap   total 260096K, used 159557K [0x0000000080000000, 0x0000000100000000)
  region size 1024K, 135 young (138240K), 13 survivors (13312K)
 Metaspace       used 51848K, capacity 53154K, committed 53324K, reserved 1095680K
  class space    used 6610K, capacity 7124K, committed 7244K, reserved 1048576K
}
Event: 5.018 GC heap after
{Heap after GC invocations=8 (full 0):
 garbage-first heap   total 260096K, used 44824K [0x0000000080000000, 0x0000000100000000)
  region size 1024K, 17 young (17408K), 17 survivors (17408K)
 Metaspace       used 51848K, capacity 53154K, committed 53324K, reserved 1095680K
  class space    used 6610K, capacity 7124K, committed 7244K, reserved 1048576K
}
Event: 5.489 GC heap before
{Heap before GC invocations=8 (full 0):
 garbage-first heap   total 260096K, used 89880K [0x0000000080000000, 0x0000000100000000)
  region size 1024K, 62 young (63488K), 17 survivors (17408K)
 Metaspace       used 58641K, capacity 60066K, committed 60236K, reserved 1101824K
  class space    used 7467K, capacity 7998K, committed 8012K, reserved 1048576K
}
Event: 5.503 GC heap after
{Heap after GC invocations=9 (full 0):
 garbage-first heap   total 260096K, used 47610K [0x0000000080000000, 0x0000000100000000)
  region size 1024K, 3 young (3072K), 3 survivors (3072K)
 Metaspace       used 58641K, capacity 60066K, committed 60236K, reserved 1101824K
  class space    used 7467K, capacity 7998K, committed 8012K, reserved 1048576K
}
Event: 6.337 GC heap before
{Heap before GC invocations=10 (full 0):
 garbage-first heap   total 260096K, used 156154K [0x0000000080000000, 0x0000000100000000)
  region size 1024K, 109 young (111616K), 3 survivors (3072K)
 Metaspace       used 65642K, capacity 67142K, committed 67404K, reserved 1107968K
  class space    used 8354K, capacity 8934K, committed 9036K, reserved 1048576K
}
Event: 6.350 GC heap after
{Heap after GC invocations=11 (full 0):
 garbage-first heap   total 260096K, used 55483K [0x0000000080000000, 0x0000000100000000)
  region size 1024K, 11 young (11264K), 11 survivors (11264K)
 Metaspace       used 65642K, capacity 67142K, committed 67404K, reserved 1107968K
  class space    used 8354K, capacity 8934K, committed 9036K, reserved 1048576K
}
Event: 7.532 GC heap before
{Heap before GC invocations=12 (full 0):
 garbage-first heap   total 260096K, used 165051K [0x0000000080000000, 0x0000000100000000)
  region size 1024K, 118 young (120832K), 11 survivors (11264K)
 Metaspace       used 77359K, capacity 79231K, committed 79436K, reserved 1118208K
  class space    used 10101K, capacity 10797K, committed 10828K, reserved 1048576K
}
Event: 7.543 GC heap after
{Heap after GC invocations=13 (full 0):
 garbage-first heap   total 260096K, used 62740K [0x0000000080000000, 0x0000000100000000)
  region size 1024K, 8 young (8192K), 8 survivors (8192K)
 Metaspace       used 77359K, capacity 79231K, committed 79436K, reserved 1118208K
  class space    used 10101K, capacity 10797K, committed 10828K, reserved 1048576K
}
Event: 8.400 GC heap before
{Heap before GC invocations=13 (full 0):
 garbage-first heap   total 260096K, used 175380K [0x0000000080000000, 0x0000000100000000)
  region size 1024K, 117 young (119808K), 8 survivors (8192K)
 Metaspace       used 81013K, capacity 83176K, committed 83532K, reserved 1122304K
  class space    used 10619K, capacity 11477K, committed 11596K, reserved 1048576K
}
Event: 8.411 GC heap after
{Heap after GC invocations=14 (full 0):
 garbage-first heap   total 260096K, used 72095K [0x0000000080000000, 0x0000000100000000)
  region size 1024K, 15 young (15360K), 15 survivors (15360K)
 Metaspace       used 81013K, capacity 83176K, committed 83532K, reserved 1122304K
  class space    used 10619K, capacity 11477K, committed 11596K, reserved 1048576K
}
Event: 9.093 GC heap before
{Heap before GC invocations=14 (full 0):
 garbage-first heap   total 260096K, used 181663K [0x0000000080000000, 0x0000000100000000)
  region size 1024K, 123 young (125952K), 15 survivors (15360K)
 Metaspace       used 81890K, capacity 84076K, committed 84300K, reserved 1122304K
  class space    used 10684K, capacity 11511K, committed 11596K, reserved 1048576K
}
Event: 9.106 GC heap after
{Heap after GC invocations=15 (full 0):
 garbage-first heap   total 260096K, used 81401K [0x0000000080000000, 0x0000000100000000)
  region size 1024K, 9 young (9216K), 9 survivors (9216K)
 Metaspace       used 81890K, capacity 84076K, committed 84300K, reserved 1122304K
  class space    used 10684K, capacity 11511K, committed 11596K, reserved 1048576K
}
Event: 10.554 GC heap before
{Heap before GC invocations=15 (full 0):
 garbage-first heap   total 260096K, used 204281K [0x0000000080000000, 0x0000000100000000)
  region size 1024K, 116 young (118784K), 9 survivors (9216K)
 Metaspace       used 89368K, capacity 91681K, committed 91852K, reserved 1128448K
  class space    used 11571K, capacity 12448K, committed 12492K, reserved 1048576K
}
Event: 10.571 GC heap after
{Heap after GC invocations=16 (full 0):
 garbage-first heap   total 260096K, used 99253K [0x0000000080000000, 0x0000000100000000)
  region size 1024K, 15 young (15360K), 15 survivors (15360K)
 Metaspace       used 89368K, capacity 91681K, committed 91852K, reserved 1128448K
  class space    used 11571K, capacity 12448K, committed 12492K, reserved 1048576K
}
Event: 11.377 GC heap before
{Heap before GC invocations=16 (full 0):
 garbage-first heap   total 260096K, used 197557K [0x0000000080000000, 0x0000000100000000)
  region size 1024K, 109 young (111616K), 15 survivors (15360K)
 Metaspace       used 90309K, capacity 92694K, committed 93004K, reserved 1130496K
  class space    used 11632K, capacity 12546K, committed 12620K, reserved 1048576K
}
Event: 11.401 GC heap after
{Heap after GC invocations=17 (full 0):
 garbage-first heap   total 260096K, used 128704K [0x0000000080000000, 0x0000000100000000)
  region size 1024K, 14 young (14336K), 14 survivors (14336K)
 Metaspace       used 90309K, capacity 92694K, committed 93004K, reserved 1130496K
  class space    used 11632K, capacity 12546K, committed 12620K, reserved 1048576K
}

