# JRE version: OpenJDK Runtime Environment (11.0.11+9) (build 11.0.11+9-b60-7590822)
# Java VM: OpenJDK 64-Bit Server VM (11.0.11+9-b60-7590822, mixed mode, tiered, compressed oops, g1 gc, windows-amd64)
Heap:
 garbage-first heap   total 260096K, used 162550K [0x0000000080000000, 0x0000000100000000)
  region size 1024K, 84 young (86016K), 9 survivors (9216K)
 Metaspace       used 89523K, capacity 91758K, committed 91852K, reserved 1128448K
  class space    used 11577K, capacity 12409K, committed 12492K, reserved 1048576K
GC Heap History (20 events):
Event: 2.002 GC heap before
{Heap before GC invocations=1 (full 0):
 garbage-first heap   total 260096K, used 108839K [0x0000000080000000, 0x0000000100000000)
  region size 1024K, 101 young (103424K), 3 survivors (3072K)
 Metaspace       used 20681K, capacity 21079K, committed 21248K, reserved 1067008K
  class space    used 2537K, capacity 2693K, committed 2816K, reserved 1048576K
}
Event: 2.009 GC heap after
{Heap after GC invocations=2 (full 0):
 garbage-first heap   total 260096K, used 17355K [0x0000000080000000, 0x0000000100000000)
  region size 1024K, 11 young (11264K), 11 survivors (11264K)
 Metaspace       used 20681K, capacity 21079K, committed 21248K, reserved 1067008K
  class space    used 2537K, capacity 2693K, committed 2816K, reserved 1048576K
}
Event: 2.496 GC heap before
{Heap before GC invocations=3 (full 0):
 garbage-first heap   total 260096K, used 81867K [0x0000000080000000, 0x0000000100000000)
  region size 1024K, 75 young (76800K), 11 survivors (11264K)
 Metaspace       used 26786K, capacity 27434K, committed 27648K, reserved 1073152K
  class space    used 3527K, capacity 3735K, committed 3840K, reserved 1048576K
}
Event: 2.501 GC heap after
{Heap after GC invocations=4 (full 0):
 garbage-first heap   total 260096K, used 19612K [0x0000000080000000, 0x0000000100000000)
  region size 1024K, 3 young (3072K), 3 survivors (3072K)
 Metaspace       used 26786K, capacity 27434K, committed 27648K, reserved 1073152K
  class space    used 3527K, capacity 3735K, committed 3840K, reserved 1048576K
}
Event: 3.024 GC heap before
{Heap before GC invocations=4 (full 0):
 garbage-first heap   total 260096K, used 67740K [0x0000000080000000, 0x0000000100000000)
  region size 1024K, 51 young (52224K), 3 survivors (3072K)
 Metaspace       used 35030K, capacity 35789K, committed 35840K, reserved 1081344K
  class space    used 4555K, capacity 4863K, committed 4864K, reserved 1048576K
}
Event: 3.029 GC heap after
{Heap after GC invocations=5 (full 0):
 garbage-first heap   total 260096K, used 22570K [0x0000000080000000, 0x0000000100000000)
  region size 1024K, 6 young (6144K), 6 survivors (6144K)
 Metaspace       used 35030K, capacity 35789K, committed 35840K, reserved 1081344K
  class space    used 4555K, capacity 4863K, committed 4864K, reserved 1048576K
}
Event: 3.983 GC heap before
{Heap before GC invocations=6 (full 0):
 garbage-first heap   total 260096K, used 138282K [0x0000000080000000, 0x0000000100000000)
  region size 1024K, 116 young (118784K), 6 survivors (6144K)
 Metaspace       used 44345K, capacity 45365K, committed 45516K, reserved 1089536K
  class space    used 5694K, capacity 6057K, committed 6092K, reserved 1048576K
}
Event: 3.990 GC heap after
{Heap after GC invocations=7 (full 0):
 garbage-first heap   total 260096K, used 29493K [0x0000000080000000, 0x0000000100000000)
  region size 1024K, 13 young (13312K), 13 survivors (13312K)
 Metaspace       used 44345K, capacity 45365K, committed 45516K, reserved 1089536K
  class space    used 5694K, capacity 6057K, committed 6092K, reserved 1048576K
}
Event: 5.103 GC heap before
{Heap before GC invocations=7 (full 0):
 garbage-first heap   total 260096K, used 159541K [0x0000000080000000, 0x0000000100000000)
  region size 1024K, 136 young (139264K), 13 survivors (13312K)
 Metaspace       used 52335K, capacity 53696K, committed 53836K, reserved 1095680K
  class space    used 6675K, capacity 7199K, committed 7244K, reserved 1048576K
}
Event: 5.114 GC heap after
{Heap after GC invocations=8 (full 0):
 garbage-first heap   total 260096K, used 44911K [0x0000000080000000, 0x0000000100000000)
  region size 1024K, 17 young (17408K), 17 survivors (17408K)
 Metaspace       used 52335K, capacity 53696K, committed 53836K, reserved 1095680K
  class space    used 6675K, capacity 7199K, committed 7244K, reserved 1048576K
}
Event: 5.560 GC heap before
{Heap before GC invocations=8 (full 0):
 garbage-first heap   total 260096K, used 85871K [0x0000000080000000, 0x0000000100000000)
  region size 1024K, 58 young (59392K), 17 survivors (17408K)
 Metaspace       used 58556K, capacity 60019K, committed 60236K, reserved 1101824K
  class space    used 7463K, capacity 8002K, committed 8012K, reserved 1048576K
}
Event: 5.576 GC heap after
{Heap after GC invocations=9 (full 0):
 garbage-first heap   total 260096K, used 48292K [0x0000000080000000, 0x0000000100000000)
  region size 1024K, 4 young (4096K), 4 survivors (4096K)
 Metaspace       used 58556K, capacity 60019K, committed 60236K, reserved 1101824K
  class space    used 7463K, capacity 8002K, committed 8012K, reserved 1048576K
}
Event: 6.484 GC heap before
{Heap before GC invocations=10 (full 0):
 garbage-first heap   total 260096K, used 155812K [0x0000000080000000, 0x0000000100000000)
  region size 1024K, 109 young (111616K), 4 survivors (4096K)
 Metaspace       used 65442K, capacity 66952K, committed 67148K, reserved 1107968K
  class space    used 8333K, capacity 8910K, committed 9036K, reserved 1048576K
}
Event: 6.491 GC heap after
{Heap after GC invocations=11 (full 0):
 garbage-first heap   total 260096K, used 55690K [0x0000000080000000, 0x0000000100000000)
  region size 1024K, 11 young (11264K), 11 survivors (11264K)
 Metaspace       used 65442K, capacity 66952K, committed 67148K, reserved 1107968K
  class space    used 8333K, capacity 8910K, committed 9036K, reserved 1048576K
}
Event: 7.677 GC heap before
{Heap before GC invocations=11 (full 0):
 garbage-first heap   total 260096K, used 166282K [0x0000000080000000, 0x0000000100000000)
  region size 1024K, 119 young (121856K), 11 survivors (11264K)
 Metaspace       used 77290K, capacity 79030K, committed 79180K, reserved 1118208K
  class space    used 10113K, capacity 10792K, committed 10828K, reserved 1048576K
}
Event: 7.688 GC heap after
{Heap after GC invocations=12 (full 0):
 garbage-first heap   total 260096K, used 62289K [0x0000000080000000, 0x0000000100000000)
  region size 1024K, 7 young (7168K), 7 survivors (7168K)
 Metaspace       used 77290K, capacity 79030K, committed 79180K, reserved 1118208K
  class space    used 10113K, capacity 10792K, committed 10828K, reserved 1048576K
}
Event: 8.682 GC heap before
{Heap before GC invocations=12 (full 0):
 garbage-first heap   total 260096K, used 175953K [0x0000000080000000, 0x0000000100000000)
  region size 1024K, 118 young (120832K), 7 survivors (7168K)
 Metaspace       used 80972K, capacity 83104K, committed 83148K, reserved 1120256K
  class space    used 10597K, capacity 11430K, committed 11468K, reserved 1048576K
}
Event: 8.692 GC heap after
{Heap after GC invocations=13 (full 0):
 garbage-first heap   total 260096K, used 72489K [0x0000000080000000, 0x0000000100000000)
  region size 1024K, 15 young (15360K), 15 survivors (15360K)
 Metaspace       used 80972K, capacity 83104K, committed 83148K, reserved 1120256K
  class space    used 10597K, capacity 11430K, committed 11468K, reserved 1048576K
}
Event: 9.381 GC heap before
{Heap before GC invocations=13 (full 0):
 garbage-first heap   total 260096K, used 183081K [0x0000000080000000, 0x0000000100000000)
  region size 1024K, 124 young (126976K), 15 survivors (15360K)
 Metaspace       used 81910K, capacity 84015K, committed 84172K, reserved 1122304K
  class space    used 10665K, capacity 11468K, committed 11468K, reserved 1048576K
}
Event: 9.394 GC heap after
{Heap after GC invocations=14 (full 0):
 garbage-first heap   total 260096K, used 81654K [0x0000000080000000, 0x0000000100000000)
  region size 1024K, 9 young (9216K), 9 survivors (9216K)
 Metaspace       used 81910K, capacity 84015K, committed 84172K, reserved 1122304K
  class space    used 10665K, capacity 11468K, committed 11468K, reserved 1048576K
}

